<?xml version="1.0" encoding="UTF-8" ?>
<testsuite tests="20" failures="0" name="curso.treinamento.runners.RunnerTest" time="0.021" errors="0" skipped="0">
  <properties>
    <property name="java.runtime.name" value="Java(TM) SE Runtime Environment"/>
    <property name="cucumber.options" value="src/test/resources/features/login.feature"/>
    <property name="sun.boot.library.path" value="/Library/Java/JavaVirtualMachines/jdk1.8.0_181.jdk/Contents/Home/jre/lib"/>
    <property name="java.vm.version" value="25.181-b13"/>
    <property name="gopherProxySet" value="false"/>
    <property name="java.vm.vendor" value="Oracle Corporation"/>
    <property name="maven.multiModuleProjectDirectory" value="/Users/celso/devtest/eclipse-workspace/curso-cucumber"/>
    <property name="java.vendor.url" value="http://java.oracle.com/"/>
    <property name="path.separator" value=":"/>
    <property name="guice.disable.misplaced.annotation.check" value="true"/>
    <property name="java.vm.name" value="Java HotSpot(TM) 64-Bit Server VM"/>
    <property name="file.encoding.pkg" value="sun.io"/>
    <property name="user.country" value="BR"/>
    <property name="sun.java.launcher" value="SUN_STANDARD"/>
    <property name="sun.os.patch.level" value="unknown"/>
    <property name="java.vm.specification.name" value="Java Virtual Machine Specification"/>
    <property name="user.dir" value="/Users/celso/devtest/eclipse-workspace/curso-cucumber"/>
    <property name="java.runtime.version" value="1.8.0_181-b13"/>
    <property name="java.awt.graphicsenv" value="sun.awt.CGraphicsEnvironment"/>
    <property name="java.endorsed.dirs" value="/Library/Java/JavaVirtualMachines/jdk1.8.0_181.jdk/Contents/Home/jre/lib/endorsed"/>
    <property name="os.arch" value="x86_64"/>
    <property name="java.io.tmpdir" value="/var/folders/gs/36_mxxyx4c3cjwbf9gn4j2_40000gn/T/"/>
    <property name="line.separator" value="
"/>
    <property name="java.vm.specification.vendor" value="Oracle Corporation"/>
    <property name="os.name" value="Mac OS X"/>
    <property name="classworlds.conf" value="/Users/celso/devtest/apache-maven-3.5.4/bin/m2.conf"/>
    <property name="sun.jnu.encoding" value="UTF-8"/>
    <property name="java.library.path" value="/Users/celso/Library/Java/Extensions:/Library/Java/Extensions:/Network/Library/Java/Extensions:/System/Library/Java/Extensions:/usr/lib/java:."/>
    <property name="maven.conf" value="/Users/celso/devtest/apache-maven-3.5.4/conf"/>
    <property name="java.specification.name" value="Java Platform API Specification"/>
    <property name="java.class.version" value="52.0"/>
    <property name="sun.management.compiler" value="HotSpot 64-Bit Tiered Compilers"/>
    <property name="os.version" value="10.14.2"/>
    <property name="library.jansi.path" value="/Users/celso/devtest/apache-maven-3.5.4/lib/jansi-native"/>
    <property name="http.nonProxyHosts" value="local|*.local|169.254/16|*.169.254/16"/>
    <property name="user.home" value="/Users/celso"/>
    <property name="user.timezone" value="America/Sao_Paulo"/>
    <property name="java.awt.printerjob" value="sun.lwawt.macosx.CPrinterJob"/>
    <property name="java.specification.version" value="1.8"/>
    <property name="file.encoding" value="UTF-8"/>
    <property name="user.name" value="celso"/>
    <property name="java.class.path" value="/Users/celso/devtest/apache-maven-3.5.4/boot/plexus-classworlds-2.5.2.jar"/>
    <property name="java.vm.specification.version" value="1.8"/>
    <property name="sun.arch.data.model" value="64"/>
    <property name="java.home" value="/Library/Java/JavaVirtualMachines/jdk1.8.0_181.jdk/Contents/Home/jre"/>
    <property name="sun.java.command" value="org.codehaus.plexus.classworlds.launcher.Launcher test -Dcucumber.options=src/test/resources/features/login.feature"/>
    <property name="java.specification.vendor" value="Oracle Corporation"/>
    <property name="user.language" value="pt"/>
    <property name="awt.toolkit" value="sun.lwawt.macosx.LWCToolkit"/>
    <property name="java.vm.info" value="mixed mode"/>
    <property name="java.version" value="1.8.0_181"/>
    <property name="java.ext.dirs" value="/Users/celso/Library/Java/Extensions:/Library/Java/JavaVirtualMachines/jdk1.8.0_181.jdk/Contents/Home/jre/lib/ext:/Library/Java/Extensions:/Network/Library/Java/Extensions:/System/Library/Java/Extensions:/usr/lib/java"/>
    <property name="sun.boot.class.path" value="/Library/Java/JavaVirtualMachines/jdk1.8.0_181.jdk/Contents/Home/jre/lib/resources.jar:/Library/Java/JavaVirtualMachines/jdk1.8.0_181.jdk/Contents/Home/jre/lib/rt.jar:/Library/Java/JavaVirtualMachines/jdk1.8.0_181.jdk/Contents/Home/jre/lib/sunrsasign.jar:/Library/Java/JavaVirtualMachines/jdk1.8.0_181.jdk/Contents/Home/jre/lib/jsse.jar:/Library/Java/JavaVirtualMachines/jdk1.8.0_181.jdk/Contents/Home/jre/lib/jce.jar:/Library/Java/JavaVirtualMachines/jdk1.8.0_181.jdk/Contents/Home/jre/lib/charsets.jar:/Library/Java/JavaVirtualMachines/jdk1.8.0_181.jdk/Contents/Home/jre/lib/jfr.jar:/Library/Java/JavaVirtualMachines/jdk1.8.0_181.jdk/Contents/Home/jre/classes"/>
    <property name="java.vendor" value="Oracle Corporation"/>
    <property name="maven.home" value="/Users/celso/devtest/apache-maven-3.5.4"/>
    <property name="file.separator" value="/"/>
    <property name="java.vendor.url.bug" value="http://bugreport.sun.com/bugreport/"/>
    <property name="sun.cpu.endian" value="little"/>
    <property name="sun.io.unicode.encoding" value="UnicodeBig"/>
    <property name="socksNonProxyHosts" value="local|*.local|169.254/16|*.169.254/16"/>
    <property name="ftp.nonProxyHosts" value="local|*.local|169.254/16|*.169.254/16"/>
    <property name="sun.cpu.isalist" value=""/>
  </properties>
  <testcase classname="Cenário: Realizar login" name="Dado que eu esteja na tela de login" time="0.002"/>
  <testcase classname="Cenário: Realizar login" name="Quando faço login com o usuário &quot;mercury&quot; e senha &quot;mercury&quot;" time="0"/>
  <testcase classname="Cenário: Realizar login" name="Então sou autenticado com sucesso" time="0.001"/>
  <testcase classname="Cenário: Realizar login" name="Cenário: Realizar login" time="0.001"/>
  <testcase classname="| mercury | mer |" name="Dado que eu esteja na tela de login" time="0.001"/>
  <testcase classname="| mercury | mer |" name="Quando faço login com o usuário &quot;mercury&quot; e senha &quot;mer&quot;" time="0"/>
  <testcase classname="| mercury | mer |" name="Então sou direcionado para a tela Sign-On" time="0.001"/>
  <testcase classname="| mercury | mer |" name="| mercury | mer |" time="0.002"/>
  <testcase classname="| 123434 | 34 |" name="Dado que eu esteja na tela de login" time="0"/>
  <testcase classname="| 123434 | 34 |" name="Quando faço login com o usuário &quot;123434&quot; e senha &quot;34&quot;" time="0"/>
  <testcase classname="| 123434 | 34 |" name="Então sou direcionado para a tela Sign-On" time="0"/>
  <testcase classname="| 123434 | 34 |" name="| 123434 | 34 |" time="0.002"/>
  <testcase classname="|  | 34 |" name="Dado que eu esteja na tela de login" time="0"/>
  <testcase classname="|  | 34 |" name="Quando faço login com o usuário &quot;&quot; e senha &quot;34&quot;" time="0.004"/>
  <testcase classname="|  | 34 |" name="Então sou direcionado para a tela Sign-On" time="0.002"/>
  <testcase classname="|  | 34 |" name="|  | 34 |" time="0.003"/>
  <testcase classname="Cenário: Realizar login" name="Dado que eu esteja na tela de login" time="0"/>
  <testcase classname="Cenário: Realizar login" name="Quando faço login com:" time="0.001"/>
  <testcase classname="Cenário: Realizar login" name="Então sou direcionado para a tela Sign-On" time="0"/>
  <testcase classname="Cenário: Realizar login" name="Cenário: Realizar login" time="0.001"/>
</testsuite>